<html>
<head>
<title>TestNG:  MantenimientoCategoriaTest</title>
<link href="../testng.css" rel="stylesheet" type="text/css" />
<link href="../my-testng.css" rel="stylesheet" type="text/css" />

<style type="text/css">
.log { display: none;} 
.stack-trace { display: none;} 
</style>
<script type="text/javascript">
<!--
function flip(e) {
  current = e.style.display;
  if (current == 'block') {
    e.style.display = 'none';
    return 0;
  }
  else {
    e.style.display = 'block';
    return 1;
  }
}

function toggleBox(szDivId, elem, msg1, msg2)
{
  var res = -1;  if (document.getElementById) {
    res = flip(document.getElementById(szDivId));
  }
  else if (document.all) {
    // this is the way old msie versions work
    res = flip(document.all[szDivId]);
  }
  if(elem) {
    if(res == 0) elem.innerHTML = msg1; else elem.innerHTML = msg2;
  }

}

function toggleAllBoxes() {
  if (document.getElementsByTagName) {
    d = document.getElementsByTagName('div');
    for (i = 0; i < d.length; i++) {
      if (d[i].className == 'log') {
        flip(d[i]);
      }
    }
  }
}

// -->
</script>

</head>
<body>
<h2 align='center'>MantenimientoCategoriaTest</h2><table border='1' align="center">
<tr>
<td>Tests passed/Failed/Skipped:</td><td>4/2/1</td>
</tr><tr>
<td>Started on:</td><td>Mon Jun 24 01:28:28 COT 2019</td>
</tr>
<tr><td>Total time:</td><td>747 seconds (747056 ms)</td>
</tr><tr>
<td>Included groups:</td><td></td>
</tr><tr>
<td>Excluded groups:</td><td></td>
</tr>
</table><p/>
<small><i>(Hover the method name to see the test class name)</i></small><p/>
<table width='100%' border='1' class='invocation-failed'>
<tr><td colspan='4' align='center'><b>FAILED TESTS</b></td></tr>
<tr><td><b>Test method</b></td>
<td width="30%"><b>Exception</b></td>
<td width="10%"><b>Time (seconds)</b></td>
<td><b>Instance</b></td>
</tr>
<tr>
<td title='pe.com.MDRO.test.system.selenium.testcase.MantenimientoCategoria.insertarCategoria_FlujoAlternativo()'><b>insertarCategoria_FlujoAlternativo</b><br>Test class: pe.com.MDRO.test.system.selenium.testcase.MantenimientoCategoria</td>
<td><div><pre>java.lang.AssertionError: expected [Descripcion: Error de validación: se necesita un valor.] but found [Categoría creada]
	at pe.com.MDRO.test.system.selenium.testcase.MantenimientoCategoria.insertarCategoria_FlujoAlternativo(MantenimientoCategoria.java:49)
... Removed 30 stack frames</pre></div><a href='#' onClick='toggleBox("stack-trace32352893", this, "Click to show all stack frames", "Click to hide stack frames")'>Click to show all stack frames</a>
<div class='stack-trace' id='stack-trace32352893'><pre>java.lang.AssertionError: expected [Descripcion: Error de validación: se necesita un valor.] but found [Categoría creada]
	at org.testng.Assert.fail(Assert.java:94)
	at org.testng.Assert.failNotEquals(Assert.java:513)
	at org.testng.Assert.assertEqualsImpl(Assert.java:135)
	at org.testng.Assert.assertEquals(Assert.java:116)
	at org.testng.Assert.assertEquals(Assert.java:190)
	at org.testng.Assert.assertEquals(Assert.java:200)
	at pe.com.MDRO.test.system.selenium.testcase.MantenimientoCategoria.insertarCategoria_FlujoAlternativo(MantenimientoCategoria.java:49)
	at sun.reflect.NativeMethodAccessorImpl.invoke0(Native Method)
	at sun.reflect.NativeMethodAccessorImpl.invoke(NativeMethodAccessorImpl.java:62)
	at sun.reflect.DelegatingMethodAccessorImpl.invoke(DelegatingMethodAccessorImpl.java:43)
	at java.lang.reflect.Method.invoke(Method.java:498)
	at org.testng.internal.MethodInvocationHelper.invokeMethod(MethodInvocationHelper.java:86)
	at org.testng.internal.Invoker.invokeMethod(Invoker.java:645)
	at org.testng.internal.Invoker.invokeTestMethod(Invoker.java:822)
	at org.testng.internal.Invoker.invokeTestMethods(Invoker.java:1130)
	at org.testng.internal.TestMethodWorker.invokeTestMethods(TestMethodWorker.java:129)
	at org.testng.internal.TestMethodWorker.run(TestMethodWorker.java:112)
	at org.testng.TestRunner.privateRun(TestRunner.java:782)
	at org.testng.TestRunner.run(TestRunner.java:632)
	at org.testng.SuiteRunner.runTest(SuiteRunner.java:366)
	at org.testng.SuiteRunner.runSequentially(SuiteRunner.java:361)
	at org.testng.SuiteRunner.privateRun(SuiteRunner.java:319)
	at org.testng.SuiteRunner.run(SuiteRunner.java:268)
	at org.testng.SuiteRunnerWorker.runSuite(SuiteRunnerWorker.java:52)
	at org.testng.SuiteRunnerWorker.run(SuiteRunnerWorker.java:86)
	at org.testng.TestNG.runSuitesSequentially(TestNG.java:1244)
	at org.testng.TestNG.runSuitesLocally(TestNG.java:1169)
	at org.testng.TestNG.run(TestNG.java:1064)
	at org.testng.remote.RemoteTestNG.run(RemoteTestNG.java:113)
	at org.testng.remote.RemoteTestNG.initAndRun(RemoteTestNG.java:206)
	at org.testng.remote.RemoteTestNG.main(RemoteTestNG.java:177)
</pre></div></td>
<td>15</td>
<td>pe.com.MDRO.test.system.selenium.testcase.MantenimientoCategoria@75222b</td></tr>
<tr>
<td title='pe.com.MDRO.test.system.selenium.testcase.MantenimientoEtiqueta.insertarEtiqueta_FlujoBasico()'><b>insertarEtiqueta_FlujoBasico</b><br>Test class: pe.com.MDRO.test.system.selenium.testcase.MantenimientoEtiqueta</td>
<td><div><pre>java.lang.AssertionError: null
	at pe.com.MDRO.test.system.selenium.testcase.MantenimientoEtiqueta.insertarEtiqueta_FlujoBasico(MantenimientoEtiqueta.java:33)
... Removed 26 stack frames</pre></div><a href='#' onClick='toggleBox("stack-trace11092992", this, "Click to show all stack frames", "Click to hide stack frames")'>Click to show all stack frames</a>
<div class='stack-trace' id='stack-trace11092992'><pre>java.lang.AssertionError: null
	at org.testng.Assert.fail(Assert.java:94)
	at org.testng.Assert.fail(Assert.java:101)
	at pe.com.MDRO.test.system.selenium.testcase.MantenimientoEtiqueta.insertarEtiqueta_FlujoBasico(MantenimientoEtiqueta.java:33)
	at sun.reflect.NativeMethodAccessorImpl.invoke0(Native Method)
	at sun.reflect.NativeMethodAccessorImpl.invoke(NativeMethodAccessorImpl.java:62)
	at sun.reflect.DelegatingMethodAccessorImpl.invoke(DelegatingMethodAccessorImpl.java:43)
	at java.lang.reflect.Method.invoke(Method.java:498)
	at org.testng.internal.MethodInvocationHelper.invokeMethod(MethodInvocationHelper.java:86)
	at org.testng.internal.Invoker.invokeMethod(Invoker.java:645)
	at org.testng.internal.Invoker.invokeTestMethod(Invoker.java:822)
	at org.testng.internal.Invoker.invokeTestMethods(Invoker.java:1130)
	at org.testng.internal.TestMethodWorker.invokeTestMethods(TestMethodWorker.java:129)
	at org.testng.internal.TestMethodWorker.run(TestMethodWorker.java:112)
	at org.testng.TestRunner.privateRun(TestRunner.java:782)
	at org.testng.TestRunner.run(TestRunner.java:632)
	at org.testng.SuiteRunner.runTest(SuiteRunner.java:366)
	at org.testng.SuiteRunner.runSequentially(SuiteRunner.java:361)
	at org.testng.SuiteRunner.privateRun(SuiteRunner.java:319)
	at org.testng.SuiteRunner.run(SuiteRunner.java:268)
	at org.testng.SuiteRunnerWorker.runSuite(SuiteRunnerWorker.java:52)
	at org.testng.SuiteRunnerWorker.run(SuiteRunnerWorker.java:86)
	at org.testng.TestNG.runSuitesSequentially(TestNG.java:1244)
	at org.testng.TestNG.runSuitesLocally(TestNG.java:1169)
	at org.testng.TestNG.run(TestNG.java:1064)
	at org.testng.remote.RemoteTestNG.run(RemoteTestNG.java:113)
	at org.testng.remote.RemoteTestNG.initAndRun(RemoteTestNG.java:206)
	at org.testng.remote.RemoteTestNG.main(RemoteTestNG.java:177)
</pre></div></td>
<td>102</td>
<td>pe.com.MDRO.test.system.selenium.testcase.MantenimientoEtiqueta@203ea1</td></tr>
</table><p>
<table width='100%' border='1' class='invocation-passed'>
<tr><td colspan='4' align='center'><b>PASSED TESTS</b></td></tr>
<tr><td><b>Test method</b></td>
<td width="30%"><b>Exception</b></td>
<td width="10%"><b>Time (seconds)</b></td>
<td><b>Instance</b></td>
</tr>
<tr>
<td title='pe.com.MDRO.test.system.selenium.testcase.MantenimientoCategoria.insertarCategoria_FlujoBasico()'><b>insertarCategoria_FlujoBasico</b><br>Test class: pe.com.MDRO.test.system.selenium.testcase.MantenimientoCategoria</td>
<td></td>
<td>295</td>
<td>pe.com.MDRO.test.system.selenium.testcase.MantenimientoCategoria@75222b</td></tr>
<tr>
<td title='pe.com.MDRO.test.system.selenium.testcase.MantenimientoTienda.insertarTienda_FlujoAlternativo()'><b>insertarTienda_FlujoAlternativo</b><br>Test class: pe.com.MDRO.test.system.selenium.testcase.MantenimientoTienda</td>
<td></td>
<td>3</td>
<td>pe.com.MDRO.test.system.selenium.testcase.MantenimientoTienda@7f674d</td></tr>
<tr>
<td title='pe.com.MDRO.test.system.selenium.testcase.MantenimientoTienda.insertarTienda_FlujoAlternativo2()'><b>insertarTienda_FlujoAlternativo2</b><br>Test class: pe.com.MDRO.test.system.selenium.testcase.MantenimientoTienda</td>
<td></td>
<td>2</td>
<td>pe.com.MDRO.test.system.selenium.testcase.MantenimientoTienda@7f674d</td></tr>
<tr>
<td title='pe.com.MDRO.test.system.selenium.testcase.MantenimientoTienda.insertarTienda_FlujoBasico()'><b>insertarTienda_FlujoBasico</b><br>Test class: pe.com.MDRO.test.system.selenium.testcase.MantenimientoTienda</td>
<td></td>
<td>15</td>
<td>pe.com.MDRO.test.system.selenium.testcase.MantenimientoTienda@7f674d</td></tr>
</table><p>
<table width='100%' border='1' class='invocation-skipped'>
<tr><td colspan='4' align='center'><b>SKIPPED TESTS</b></td></tr>
<tr><td><b>Test method</b></td>
<td width="30%"><b>Exception</b></td>
<td width="10%"><b>Time (seconds)</b></td>
<td><b>Instance</b></td>
</tr>
<tr>
<td title='pe.com.MDRO.test.system.selenium.testcase.MantenimientoEtiqueta.insertarCategoria_FlujoAlternativo()'><b>insertarCategoria_FlujoAlternativo</b><br>Test class: pe.com.MDRO.test.system.selenium.testcase.MantenimientoEtiqueta</td>
<td><div><pre>java.lang.Throwable: Method MantenimientoEtiqueta.insertarCategoria_FlujoAlternativo()[pri:0, instance:pe.com.MDRO.test.system.selenium.testcase.MantenimientoEtiqueta@203ea1] depends on not successfully finished methods
... Removed 17 stack frames</pre></div><a href='#' onClick='toggleBox("stack-trace27479378", this, "Click to show all stack frames", "Click to hide stack frames")'>Click to show all stack frames</a>
<div class='stack-trace' id='stack-trace27479378'><pre>java.lang.Throwable: Method MantenimientoEtiqueta.insertarCategoria_FlujoAlternativo()[pri:0, instance:pe.com.MDRO.test.system.selenium.testcase.MantenimientoEtiqueta@203ea1] depends on not successfully finished methods
	at org.testng.internal.Invoker.invokeTestMethods(Invoker.java:1039)
	at org.testng.internal.TestMethodWorker.invokeTestMethods(TestMethodWorker.java:129)
	at org.testng.internal.TestMethodWorker.run(TestMethodWorker.java:112)
	at org.testng.TestRunner.privateRun(TestRunner.java:782)
	at org.testng.TestRunner.run(TestRunner.java:632)
	at org.testng.SuiteRunner.runTest(SuiteRunner.java:366)
	at org.testng.SuiteRunner.runSequentially(SuiteRunner.java:361)
	at org.testng.SuiteRunner.privateRun(SuiteRunner.java:319)
	at org.testng.SuiteRunner.run(SuiteRunner.java:268)
	at org.testng.SuiteRunnerWorker.runSuite(SuiteRunnerWorker.java:52)
	at org.testng.SuiteRunnerWorker.run(SuiteRunnerWorker.java:86)
	at org.testng.TestNG.runSuitesSequentially(TestNG.java:1244)
	at org.testng.TestNG.runSuitesLocally(TestNG.java:1169)
	at org.testng.TestNG.run(TestNG.java:1064)
	at org.testng.remote.RemoteTestNG.run(RemoteTestNG.java:113)
	at org.testng.remote.RemoteTestNG.initAndRun(RemoteTestNG.java:206)
	at org.testng.remote.RemoteTestNG.main(RemoteTestNG.java:177)
</pre></div></td>
<td>0</td>
<td>null</td></tr>
</table><p>
</body>
</html>